<?xml version="1.0" encoding="UTF-8"?>
<testng-results ignored="0" total="2" passed="2" failed="0" skipped="0">
  <reporter-output>
  </reporter-output>
  <suite started-at="2023-10-03T17:09:33 IST" name="Suite" finished-at="2023-10-03T17:10:15 IST" duration-ms="42530">
    <groups>
    </groups>
    <test started-at="2023-10-03T17:09:33 IST" name="Test" finished-at="2023-10-03T17:10:15 IST" duration-ms="42530">
      <class name="testCase.CapturingScreenshots">
        <test-method signature="sc()[pri:0, instance:testCase.CapturingScreenshots@2a7f1f10]" started-at="2023-10-03T17:10:07 IST" name="sc" finished-at="2023-10-03T17:10:15 IST" duration-ms="8006" status="PASS">
          <reporter-output>
          </reporter-output>
        </test-method> <!-- sc -->
      </class> <!-- testCase.CapturingScreenshots -->
      <class name="testCase.VerifyLogin">
        <test-method signature="login()[pri:0, instance:testCase.VerifyLogin@6574a52c]" started-at="2023-10-03T17:09:33 IST" name="login" finished-at="2023-10-03T17:10:07 IST" duration-ms="34430" status="PASS">
          <reporter-output>
          </reporter-output>
        </test-method> <!-- login -->
      </class> <!-- testCase.VerifyLogin -->
    </test> <!-- Test -->
  </suite> <!-- Suite -->
</testng-results>
